<?xml version="1.0" encoding="UTF-8"?>
<testsuite xmlns:xsi="http://www.w3.org/2001/XMLSchema-instance"
           xsi:noNamespaceSchemaLocation="https://maven.apache.org/surefire/maven-surefire-plugin/xsd/surefire-test-report-3.0.xsd"
           version="3.0" name="TestSuite" time="36.351" tests="13" errors="0" skipped="0" failures="0">
    <properties>
[...]
</properties>
    <testcase name="urlIsWorking" classname="PositiveTests" time="0.167">
        <system-out><![CDATA[[TestNGContentHandler] [WARN] It is strongly recommended to add "<!DOCTYPE suite SYSTEM "http://testng.org/testng-1.0.dtd" >" at the top of your file, otherwise TestNG may fail or not work as expected.
]]></system-out>
        <system-err><![CDATA[Starting ChromeDriver 91.0.4472.101 (af52a90bf87030dd1523486a1cd3ae25c5d76c9b-refs/branch-heads/4472@{#1462}) on port 41255
Only local connections are allowed.
Please see https://chromedriver.chromium.org/security-considerations for suggestions on keeping ChromeDriver safe.
ChromeDriver was started successfully.
Jul 08, 2021 9:48:28 PM org.openqa.selenium.remote.ProtocolHandshake createSession
INFO: Detected dialect: W3C
Starting ChromeDriver 91.0.4472.101 (af52a90bf87030dd1523486a1cd3ae25c5d76c9b-refs/branch-heads/4472@{#1462}) on port 7644
Only local connections are allowed.
Please see https://chromedriver.chromium.org/security-considerations for suggestions on keeping ChromeDriver safe.
ChromeDriver was started successfully.
Jul 08, 2021 9:48:30 PM org.openqa.selenium.remote.ProtocolHandshake createSession
INFO: Detected dialect: W3C
]]></system-err>
    </testcase>
    <testcase name="verifyTitle" classname="PositiveTests" time="1.468"/>
    <testcase name="addNewTask" classname="PositiveTests" time="1.612"/>
    <testcase name="addMultipleTasks" classname="PositiveTests" time="7.293"/>
    <testcase name="firstTaskFirst" classname="PositiveTests" time="0.049"/>
    <testcase name="editTask" classname="PositiveTests" time="1.191">
        <system-err><![CDATA[Jul 08, 2021 9:48:41 PM org.openqa.selenium.interactions.Actions moveToElement
INFO: When using the W3C Action commands, offsets are from the center of element
]]></system-err>
    </testcase>
    <testcase name="taskInDiffLanguage" classname="PositiveTests" time="0.258"/>
    <testcase name="taskCompleted" classname="PositiveTests" time="4.696"/>
    <testcase name="noBlankTodo" classname="NegativeTests" time="5.928"/>
    <testcase name="duplicateTasks" classname="NegativeTests" time="0.701"/>
    <testcase name="specialCharacters" classname="NegativeTests" time="0.131"/>
    <testcase name="pageRefreshCheck" classname="NegativeTests" time="0.266"/>
    <testcase name="newSession" classname="NegativeTests" time="4.139">
        <system-err><![CDATA[Starting ChromeDriver 91.0.4472.101 (af52a90bf87030dd1523486a1cd3ae25c5d76c9b-refs/branch-heads/4472@{#1462}) on port 16617
Only local connections are allowed.
Please see https://chromedriver.chromium.org/security-considerations for suggestions on keeping ChromeDriver safe.
ChromeDriver was started successfully.
Jul 08, 2021 9:48:56 PM org.openqa.selenium.remote.ProtocolHandshake createSession
INFO: Detected dialect: W3C
]]></system-err>
    </testcase>
</testsuite>